<?xml version="1.0" encoding="UTF-8"?>
<testsuite name="AnagramTest" tests="3" skipped="0" failures="0" errors="0" timestamp="2020-07-20T14:14:48" hostname="Imran-IT" time="0.005">
  <properties/>
  <testcase name="testAnagramsFalse" classname="AnagramTest" time="0.004"/>
  <testcase name="testBaseCase" classname="AnagramTest" time="0.0"/>
  <testcase name="testAnagramsTrue" classname="AnagramTest" time="0.001"/>
  <system-out><![CDATA[]]></system-out>
  <system-err><![CDATA[]]></system-err>
</testsuite>
